67,0
379,480
51,0
375,480
-406,0
912,480
-2152,0
2414,480
-3454,0
3409,480
-2707,0
2778,480
min_pos_k: 0.0699403
min_neg_k: 0.0699403
turning left
Left Speed = 12
Right Speed = 13
67,0
379,480
51,0
375,480
-3649,0
5509,480
-5445,0
3713,480
min_pos_k: 0.0524132
min_neg_k: 0.0524132
turning left
Left Speed = 12
Right Speed = 13
67,0
379,480
51,0
375,480
-3454,0
3409,480
-406,0
912,480
-2604,0
2881,480
-2152,0
2414,480
-3458,0
5700,480
min_pos_k: 0.0524132
min_neg_k: 0.0524132
turning left
Left Speed = 12
Right Speed = 13
67,0
379,480
51,0
375,480
-2162,0
2404,480
-406,0
912,480
-3454,0
3409,480
-4738,0
4420,480
-3354,0
3509,480
-2707,0
2778,480
-2142,0
2423,480
-1135,0
2280,480
-3649,0
5509,480
-2604,0
2881,480
min_pos_k: 0.0524132
min_neg_k: 0.0524132
turning left
Left Speed = 12
Right Speed = 13
67,0
379,480
51,0
375,480
-2162,0
2404,480
-3454,0
3409,480
-406,0
912,480
-3354,0
3509,480
-2707,0
2778,480
-3630,0
5528,480
-1437,0
1978,480
-3483,0
3380,480
-2604,0
2881,480
-2661,0
2824,480
min_pos_k: 0.0524132
min_neg_k: 0.0524132
turning left
Left Speed = 12
Right Speed = 13
67,0
379,480
51,0
375,480
-3454,0
3409,480
-406,0
912,480
2568,0
-1340,480
-2152,0
2414,480
-3630,0
5528,480
min_pos_k: 0.0524132
min_neg_k: 0.0524132
turning left
Left Speed = 12
Right Speed = 13
67,0
379,480
51,0
375,480
-406,0
912,480
2601,0
-1308,480
min_pos_k: 0.364188
min_neg_k: 0.364188
turning left
Left Speed = 12
Right Speed = 13
67,0
379,480
51,0
375,480
-2162,0
2404,480
2568,0
-1340,480
2601,0
-1308,480
-3649,0
5509,480
min_pos_k: 0.0524132
min_neg_k: 0.0524132
turning left
Left Speed = 12
Right Speed = 13
67,0
379,480
51,0
375,480
110,0
590,480
-406,0
912,480
-3649,0
5509,480
-2661,0
2824,480
min_pos_k: 0.0524132
min_neg_k: 0.0524132
turning left
Left Speed = 12
Right Speed = 13
67,0
379,480
-3454,0
3409,480
-406,0
912,480
51,0
375,480
-1246,0
1784,480
min_pos_k: 0.0699403
min_neg_k: 0.0699403
turning left
Left Speed = 12
Right Speed = 13
67,0
379,480
-406,0
912,480
51,0
375,480
-2162,0
2404,480
-3354,0
3509,480
2568,0
-1340,480
110,0
590,480
-1673,0
2235,480
min_pos_k: 0.0699403
min_neg_k: 0.0699403
turning left
Left Speed = 12
Right Speed = 13
67,0
379,480
51,0
375,480
-3454,0
3409,480
min_pos_k: 0.0699403
min_neg_k: 0.0699403
turning left
Left Speed = 12
Right Speed = 13
67,0
379,480
51,0
375,480
-3454,0
3409,480
-406,0
912,480
48,0
384,480
-5407,0
3751,480
-2162,0
2404,480
min_pos_k: 0.0524132
min_neg_k: 0.0524132
turning left
Left Speed = 12
Right Speed = 13
67,0
379,480
-2162,0
2404,480
48,0
384,480
min_pos_k: 0.105125
min_neg_k: 0.105125
turning left
Left Speed = 12
Right Speed = 13
67,0
379,480
-2152,0
2414,480
-3454,0
3409,480
-5426,0
3732,480
-3397,0
3466,480
-3913,0
2950,480
2898,0
-1668,480
-675,0
1403,480
-2971,0
2514,480
min_pos_k: 0.0524132
min_neg_k: 0.0524132
turning left
Left Speed = 12
Right Speed = 13
67,0
379,480
-406,0
912,480
-5445,0
3713,480
-5407,0
3751,480
-591,0
1334,480
-706,0
1372,480
-413,0
1156,480
-3827,0
3036,480
-3884,0
2979,480
-3017,0
2468,480
min_pos_k: 0.0524132
min_neg_k: 0.0524132
turning left
Left Speed = 12
Right Speed = 13
67,0
379,480
-406,0
912,480
-36,0
325,480
47,0
383,480
-5407,0
3751,480
-3913,0
2950,480
-2914,0
2572,480
-22,0
326,480
-5464,0
3694,480
-413,0
1156,480
min_pos_k: 0.0524132
min_neg_k: 0.0524132
turning left
Left Speed = 12
Right Speed = 13
67,0
379,480
-406,0
912,480
-5407,0
3751,480
-5464,0
3694,480
-3454,0
3409,480
-3927,0
2936,480
50,0
374,480
-2152,0
2414,480
-36,0
325,480
-2799,0
2686,480
-5369,0
3789,480
-2707,0
2778,480
-1246,0
1784,480
47,0
383,480
-3884,0
2979,480
-927,0
1541,480
110,0
590,480
-22,0
326,480
min_pos_k: 0.0524132
min_neg_k: 0.0524132
turning left
Left Speed = 12
Right Speed = 13
67,0
379,480
-406,0
912,480
-22,0
326,480
47,0
383,480
-36,0
325,480
50,0
374,480
-5216,0
3942,480
110,0
590,480
-3927,0
2936,480
min_pos_k: 0.0524132
min_neg_k: 0.0524132
turning left
Left Speed = 12
Right Speed = 13
67,0
379,480
-406,0
912,480
-23,0
325,480
-5464,0
3694,480
50,0
374,480
min_pos_k: 0.0524132
min_neg_k: 0.0524132
turning left
Left Speed = 12
Right Speed = 13
Left Speed = 12
Right Speed = 12
Left Speed = 12
Right Speed = 12
Left Speed = 12
Right Speed = 12
Left Speed = 12
Right Speed = 12
Left Speed = 12
Right Speed = 12
Left Speed = 12
Right Speed = 12
Left Speed = 12
Right Speed = 12
Left Speed = 12
Right Speed = 12
Left Speed = 12
Right Speed = 12
Left Speed = 12
Right Speed = 12
Left Speed = 12
Right Speed = 12
Left Speed = 12
Right Speed = 12
Left Speed = 12
Right Speed = 12
Left Speed = 12
Right Speed = 12
Left Speed = 12
Right Speed = 12
Left Speed = 12
Right Speed = 12
Left Speed = 12
Right Speed = 12
Left Speed = 12
Right Speed = 12
Left Speed = 12
Right Speed = 12
Left Speed = 12
Right Speed = 12
Left Speed = 12
Right Speed = 12
Left Speed = 12
Right Speed = 12
-3017,0
2468,480
-3927,0
2936,480
-5445,0
3713,480
min_pos_k: 0.0524132
min_neg_k: 0.0524132
turning left
Left Speed = 12
Right Speed = 13
-3798,0
3065,480
-2948,0
2537,480
-5407,0
3751,480
-2983,0
2503,480
-5445,0
3713,480
min_pos_k: 0.0524132
min_neg_k: 0.0524132
turning left
Left Speed = 12
Right Speed = 13
-3132,0
2354,480
-2487,0
2079,480
-3086,0
2399,480
-3063,0
2422,480
-4085,0
2778,480
-2458,0
2108,480
-5617,0
3541,480
-5655,0
3503,480
-2100,0
1808,480
min_pos_k: 0.0524132
min_neg_k: 0.0524132
turning left
Left Speed = 12
Right Speed = 13
-3132,0
2354,480
-3109,0
2377,480
min_pos_k: 0.0874954
min_neg_k: 0.0874954
turning left
Left Speed = 12
Right Speed = 13
Left Speed = 12
Right Speed = 12
-2776,0
2709,480
-2257,0
2309,480
-2753,0
2732,480
-5445,0
3713,480
min_pos_k: 0.0524132
min_neg_k: 0.0524132
turning left
Left Speed = 12
Right Speed = 13
-5445,0
3713,480
-5407,0
3751,480
617,0
558,480
min_pos_k: 0.0524132
min_neg_k: 0.0524132
turning left
Left Speed = 12
Right Speed = 13
Left Speed = 12
Right Speed = 12
Left Speed = 12
Right Speed = 12
Left Speed = 12
Right Speed = 12
Left Speed = 12
Right Speed = 12
576,0
517,480
539,0
489,480
min_pos_k: 1e+10
min_neg_k: 1e+10
turning right
Left Speed = 13
Right Speed = 12
Left Speed = 12
Right Speed = 12
Left Speed = 12
Right Speed = 12
Left Speed = 12
Right Speed = 12
Left Speed = 12
Right Speed = 12
Left Speed = 12
Right Speed = 12
Left Speed = 12
Right Speed = 12
Left Speed = 12
Right Speed = 12
Left Speed = 12
Right Speed = 12
Left Speed = 12
Right Speed = 12
Left Speed = 12
Right Speed = 12
Left Speed = 12
Right Speed = 12
Left Speed = 12
Right Speed = 12
Left Speed = 12
Right Speed = 12
Left Speed = 12
Right Speed = 12
188,0
129,480
146,0
87,480
min_pos_k: 1e+10
min_neg_k: 1e+10
turning right
Left Speed = 13
Right Speed = 12
Left Speed = 12
Right Speed = 12
192,0
125,480
150,0
83,480
min_pos_k: 1e+10
min_neg_k: 1e+10
turning right
Left Speed = 13
Right Speed = 12
Left Speed = 12
Right Speed = 12
Left Speed = 12
Right Speed = 12
Left Speed = 12
Right Speed = 12
Left Speed = 12
Right Speed = 12
Left Speed = 12
Right Speed = 12
198,0
105,480
157,0
55,480
min_pos_k: 1e+10
min_neg_k: 1e+10
turning right
Left Speed = 13
Right Speed = 12
Left Speed = 12
Right Speed = 12
Left Speed = 12
Right Speed = 12
Left Speed = 12
Right Speed = 12
Left Speed = 12
Right Speed = 12
Left Speed = 12
Right Speed = 12
Left Speed = 12
Right Speed = 12
-406,0
912,480
2898,0
-1668,480
-5464,0
3694,480
-2604,0
2881,480
-932,0
1536,480
-5407,0
3751,480
-1673,0
2235,480
min_pos_k: 0.0524132
min_neg_k: 0.0524132
turning left
Left Speed = 12
Right Speed = 13
-406,0
912,480
-927,0
1541,480
-578,0
1346,480
-5407,0
3751,480
min_pos_k: 0.0524132
min_neg_k: 0.0524132
turning left
Left Speed = 12
Right Speed = 13
-406,0
912,480
-1491,0
3994,480
-5407,0
3751,480
2584,0
-1324,480
-4757,0
4401,480
-1444,0
1971,480
2568,0
-1340,480
-5445,0
3713,480
-697,0
1560,480
min_pos_k: 0.0524132
min_neg_k: 0.0524132
turning left
Left Speed = 12
Right Speed = 13
-5464,0
3694,480
-406,0
912,480
-5407,0
3751,480
-697,0
1560,480
-3841,0
3022,480
-3927,0
2936,480
min_pos_k: 0.0524132
min_neg_k: 0.0524132
turning left
Left Speed = 12
Right Speed = 13
-5407,0
3751,480
-406,0
912,480
-1099,0
1622,480
-932,0
1536,480
-5445,0
3713,480
-1252,0
1777,480
-3469,0
3395,480
min_pos_k: 0.0524132
min_neg_k: 0.0524132
turning left
Left Speed = 12
Right Speed = 13
-2410,0
2156,480
-5407,0
3751,480
-5445,0
3713,480
-406,0
912,480
-2971,0
2514,480
-3870,0
2993,480
-1246,0
1784,480
-1099,0
1622,480
-3927,0
2936,480
min_pos_k: 0.0524132
min_neg_k: 0.0524132
turning left
Left Speed = 12
Right Speed = 13
Left Speed = 12
Right Speed = 12
Left Speed = 12
Right Speed = 12
Left Speed = 12
Right Speed = 12
Left Speed = 12
Right Speed = 12
Left Speed = 12
Right Speed = 12
Left Speed = 12
Right Speed = 12
135,0
24,480
-3931,0
634,480
88,0
-31,480
-3315,0
594,480
min_pos_k: 0.105148
min_neg_k: 0.105148
turning left
Left Speed = 12
Right Speed = 13
132,0
21,480
-3941,0
625,480
-3331,0
577,480
86,0
-33,480
min_pos_k: 0.105125
min_neg_k: 0.105125
turning left
Left Speed = 12
Right Speed = 13
Left Speed = 12
Right Speed = 12
127,0
8,480
81,0
-46,480
min_pos_k: 1e+10
min_neg_k: 1e+10
turning right
Left Speed = 13
Right Speed = 12
Left Speed = 12
Right Speed = 12
120,0
-8,480
-3183,0
232,480
min_pos_k: 0.140556
min_neg_k: 0.140556
turning left
Left Speed = 12
Right Speed = 13
Left Speed = 12
Right Speed = 12
Left Speed = 12
Right Speed = 12
Left Speed = 12
Right Speed = 12
Left Speed = 12
Right Speed = 12
Left Speed = 12
Right Speed = 12
Left Speed = 12
Right Speed = 12
Left Speed = 12
Right Speed = 12
Left Speed = 12
Right Speed = 12
156,0
54,480
108,0
-2,480
min_pos_k: 1e+10
min_neg_k: 1e+10
turning right
Left Speed = 13
Right Speed = 12
151,0
41,480
149,0
47,480
min_pos_k: 1e+10
min_neg_k: 1e+10
turning right
Left Speed = 13
Right Speed = 12
-2665,0
364,480
100,0
-10,480
151,0
41,480
min_pos_k: 0.158468
min_neg_k: 0.158468
turning left
Left Speed = 12
Right Speed = 13
707,0
657,480
664,0
614,480
150,0
40,480
99,0
-11,480
-2614,0
416,480
97,0
-4,480
min_pos_k: 0.158416
min_neg_k: 0.158416
turning left
Left Speed = 12
Right Speed = 13
-2297,0
424,480
147,0
36,480
667,0
609,480
95,0
-15,480
706,0
656,480
min_pos_k: 0.176406
min_neg_k: 0.176406
turning left
Left Speed = 12
Right Speed = 13
-2297,0
424,480
667,0
609,480
147,0
36,480
96,0
-14,480
min_pos_k: 0.176406
min_neg_k: 0.176406
turning left
Left Speed = 12
Right Speed = 13
668,0
610,480
147,0
36,480
-2297,0
424,480
712,0
653,480
96,0
-14,480
min_pos_k: 0.176406
min_neg_k: 0.176406
turning left
Left Speed = 12
Right Speed = 13
668,0
610,480
-2297,0
424,480
712,0
653,480
147,0
36,480
96,0
-14,480
min_pos_k: 0.176406
min_neg_k: 0.176406
turning left
Left Speed = 12
Right Speed = 13
667,0
609,480
-2297,0
424,480
147,0
36,480
712,0
653,480
95,0
-15,480
min_pos_k: 0.176406
min_neg_k: 0.176406
turning left
Left Speed = 12
Right Speed = 13
-2309,0
412,480
667,0
609,480
146,0
35,480
94,0
-16,480
710,0
651,480
min_pos_k: 0.176406
min_neg_k: 0.176406
turning left
Left Speed = 12
Right Speed = 13
97,0
-21,480
146,0
35,480
659,0
609,480
95,0
-15,480
min_pos_k: 1e+10
min_neg_k: 1e+10
turning right
Left Speed = 13
Right Speed = 12
151,0
31,480
654,0
604,480
101,0
-18,480
min_pos_k: 1e+10
min_neg_k: 1e+10
turning right
Left Speed = 13
Right Speed = 12
149,0
29,480
-2659,0
371,480
min_pos_k: 0.158416
min_neg_k: 0.158416
turning left
Left Speed = 12
Right Speed = 13
98,0
-30,480
147,0
27,480
-2665,0
364,480
min_pos_k: 0.158468
min_neg_k: 0.158468
turning left
Left Speed = 12
Right Speed = 13
-2672,0
358,480
98,0
-30,480
147,0
27,480
min_pos_k: 0.158416
min_neg_k: 0.158416
turning left
Left Speed = 12
Right Speed = 13
150,0
21,480
-2678,0
352,480
min_pos_k: 0.158416
min_neg_k: 0.158416
turning left
Left Speed = 12
Right Speed = 13
150,0
21,480
-2697,0
332,480
min_pos_k: 0.158468
min_neg_k: 0.158468
turning left
Left Speed = 12
Right Speed = 13
150,0
21,480
100,0
-36,480
min_pos_k: 1e+10
min_neg_k: 1e+10
turning right
Left Speed = 13
Right Speed = 12
151,0
14,480
103,0
-43,480
min_pos_k: 1e+10
min_neg_k: 1e+10
turning right
Left Speed = 13
Right Speed = 12
152,0
5,480
103,0
-52,480
min_pos_k: 1e+10
min_neg_k: 1e+10
turning right
Left Speed = 13
Right Speed = 12
151,0
4,480
155,0
0,480
min_pos_k: 1e+10
min_neg_k: 1e+10
turning right
Left Speed = 13
Right Speed = 12
Left Speed = 12
Right Speed = 12
164,0
8,480
117,0
-47,480
min_pos_k: 1e+10
min_neg_k: 1e+10
turning right
Left Speed = 13
Right Speed = 12
163,0
-1,480
115,0
-58,480
min_pos_k: 1e+10
min_neg_k: 1e+10
turning right
Left Speed = 13
Right Speed = 12
164,0
0,480
121,0
-63,480
min_pos_k: 1e+10
min_neg_k: 1e+10
turning right
Left Speed = 13
Right Speed = 12
Left Speed = 12
Right Speed = 12
171,0
6,480
126,0
-57,480
min_pos_k: 1e+10
min_neg_k: 1e+10
turning right
Left Speed = 13
Right Speed = 12
Left Speed = 12
Right Speed = 12
182,0
17,480
140,0
-43,480
min_pos_k: 1e+10
min_neg_k: 1e+10
turning right
Left Speed = 13
Right Speed = 12
187,0
21,480
144,0
-39,480
min_pos_k: 1e+10
min_neg_k: 1e+10
turning right
Left Speed = 13
Right Speed = 12
189,0
24,480
186,0
30,480
min_pos_k: 1e+10
min_neg_k: 1e+10
turning right
Left Speed = 13
Right Speed = 12
Left Speed = 12
Right Speed = 12
649,0
708,480
158,0
-6,480
min_pos_k: 8.13559
min_neg_k: 8.13559
turning left
Left Speed = 12
Right Speed = 13
200,0
44,480
156,0
-18,480
649,0
716,480
615,0
674,480
min_pos_k: 7.16418
min_neg_k: 7.16418
turning left
Left Speed = 12
Right Speed = 13
654,0
721,480
650,0
726,480
209,0
53,480
167,0
-7,480
min_pos_k: 6.31579
min_neg_k: 6.31579
turning left
Left Speed = 12
Right Speed = 13
212,0
65,480
655,0
731,480
625,0
684,480
172,0
-2,480
168,0
2,480
min_pos_k: 6.31579
min_neg_k: 6.31579
turning left
Left Speed = 12
Right Speed = 13
214,0
67,480
171,0
6,480
654,0
730,480
623,0
682,480
174,0
0,480
min_pos_k: 6.31579
min_neg_k: 6.31579
turning left
Left Speed = 12
Right Speed = 13
216,0
69,480
173,0
8,480
652,0
728,480
623,0
682,480
min_pos_k: 6.31579
min_neg_k: 6.31579
turning left
Left Speed = 12
Right Speed = 13
214,0
67,480
174,0
0,480
650,0
726,480
620,0
679,480
min_pos_k: 6.31579
min_neg_k: 6.31579
turning left
Left Speed = 12
Right Speed = 13
175,0
0,480
650,0
726,480
620,0
679,480
214,0
67,480
min_pos_k: 6.31579
min_neg_k: 6.31579
turning left
Left Speed = 12
Right Speed = 13
177,0
3,480
650,0
726,480
216,0
69,480
min_pos_k: 6.31579
min_neg_k: 6.31579
turning left
Left Speed = 12
Right Speed = 13
179,0
5,480
218,0
71,480
619,0
678,480
648,0
725,480
min_pos_k: 6.23377
min_neg_k: 6.23377
turning left
Left Speed = 12
Right Speed = 13
179,0
5,480
218,0
71,480
643,0
728,480
222,0
66,480
min_pos_k: 5.64706
min_neg_k: 5.64706
turning left
Left Speed = 12
Right Speed = 13
180,0
6,480
219,0
72,480
642,0
727,480
613,0
681,480
223,0
68,480
min_pos_k: 5.64706
min_neg_k: 5.64706
turning left
Left Speed = 12
Right Speed = 13
180,0
6,480
613,0
681,480
219,0
72,480
223,0
68,480
642,0
727,480
min_pos_k: 5.64706
min_neg_k: 5.64706
turning left
Left Speed = 12
Right Speed = 13
181,0
7,480
220,0
73,480
225,0
69,480
613,0
681,480
min_pos_k: 7.05882
min_neg_k: 7.05882
turning left
Left Speed = 12
Right Speed = 13
181,0
7,480
220,0
73,480
225,0
69,480
637,0
731,480
min_pos_k: 5.10638
min_neg_k: 5.10638
turning left
Left Speed = 12
Right Speed = 13
183,0
8,480
221,0
74,480
226,0
70,480
607,0
683,480
637,0
731,480
min_pos_k: 5.10638
min_neg_k: 5.10638
turning left
Left Speed = 12
Right Speed = 13
184,0
9,480
226,0
70,480
607,0
683,480
221,0
74,480
min_pos_k: 6.31579
min_neg_k: 6.31579
turning left
Left Speed = 12
Right Speed = 13
185,0
10,480
227,0
71,480
631,0
733,480
min_pos_k: 4.70588
min_neg_k: 4.70588
turning left
Left Speed = 12
Right Speed = 13
227,0
71,480
186,0
11,480
631,0
733,480
min_pos_k: 4.70588
min_neg_k: 4.70588
turning left
Left Speed = 12
Right Speed = 13
228,0
72,480
187,0
12,480
602,0
686,480
191,0
7,480
631,0
733,480
min_pos_k: 4.70588
min_neg_k: 4.70588
turning left
Left Speed = 12
Right Speed = 13
228,0
72,480
192,0
8,480
626,0
736,480
189,0
14,480
602,0
686,480
min_pos_k: 4.36364
min_neg_k: 4.36364
turning left
Left Speed = 12
Right Speed = 13
192,0
8,480
229,0
73,480
626,0
736,480
234,0
69,480
620,0
748,480
min_pos_k: 3.75
min_neg_k: 3.75
turning left
Left Speed = 12
Right Speed = 13
193,0
9,480
230,0
74,480
234,0
69,480
626,0
736,480
596,0
690,480
min_pos_k: 4.36364
min_neg_k: 4.36364
turning left
Left Speed = 12
Right Speed = 13
194,0
10,480
235,0
70,480
231,0
75,480
619,0
739,480
596,0
690,480
min_pos_k: 4
min_neg_k: 4
turning left
Left Speed = 12
Right Speed = 13
196,0
11,480
235,0
70,480
620,0
740,480
232,0
76,480
596,0
690,480
200,0
6,480
min_pos_k: 4
min_neg_k: 4
turning left
Left Speed = 12
Right Speed = 13
235,0
70,480
196,0
11,480
200,0
6,480
232,0
76,480
620,0
740,480
591,0
693,480
min_pos_k: 4
min_neg_k: 4
turning left
Left Speed = 12
Right Speed = 13
236,0
71,480
197,0
12,480
615,0
744,480
592,0
694,480
201,0
7,480
233,0
77,480
min_pos_k: 3.72093
min_neg_k: 3.72093
turning left
Left Speed = 12
Right Speed = 13
239,0
73,480
201,0
17,480
619,0
747,480
206,0
12,480
235,0
79,480
590,0
700,480
min_pos_k: 3.75
min_neg_k: 3.75
turning left
Left Speed = 12
Right Speed = 13
243,0
77,480
208,0
14,480
614,0
752,480
203,0
19,480
239,0
83,480
min_pos_k: 3.47826
min_neg_k: 3.47826
turning left
Left Speed = 12
Right Speed = 13
209,0
15,480
244,0
79,480
616,0
754,480
588,0
708,480
min_pos_k: 3.47826
min_neg_k: 3.47826
turning left
Left Speed = 12
Right Speed = 13
210,0
16,480
245,0
80,480
611,0
758,480
607,0
772,480
589,0
709,480
min_pos_k: 2.90909
min_neg_k: 2.90909
turning left
Left Speed = 12
Right Speed = 13
210,0
16,480
246,0
81,480
589,0
709,480
611,0
758,480
min_pos_k: 3.26531
min_neg_k: 3.26531
turning left
Left Speed = 12
Right Speed = 13
210,0
16,480
245,0
80,480
589,0
709,480
612,0
759,480
min_pos_k: 3.26531
min_neg_k: 3.26531
turning left
Left Speed = 12
Right Speed = 13
211,0
17,480
246,0
81,480
612,0
759,480
590,0
710,480
min_pos_k: 3.26531
min_neg_k: 3.26531
turning left
Left Speed = 12
Right Speed = 13
213,0
19,480
248,0
83,480
218,0
14,480
614,0
761,480
254,0
79,480
592,0
712,480
605,0
780,480
min_pos_k: 2.74286
min_neg_k: 2.74286
turning left
Left Speed = 12
Right Speed = 13
221,0
17,480
255,0
80,480
615,0
762,480
593,0
713,480
226,0
12,480
min_pos_k: 3.26531
min_neg_k: 3.26531
turning left
Left Speed = 12
Right Speed = 13
262,0
78,480
227,0
13,480
624,0
761,480
602,0
713,480
min_pos_k: 3.50365
min_neg_k: 3.50365
turning left
Left Speed = 12
Right Speed = 13
270,0
76,480
235,0
11,480
265,0
81,480
626,0
763,480
min_pos_k: 3.50365
min_neg_k: 3.50365
turning left
Left Speed = 12
Right Speed = 13
272,0
78,480
239,0
15,480
635,0
764,480
613,0
715,480
min_pos_k: 3.72093
min_neg_k: 3.72093
turning left
Left Speed = 12
Right Speed = 13
243,0
20,480
283,0
79,480
277,0
83,480
639,0
768,480
249,0
15,480
616,0
718,480
min_pos_k: 3.72093
min_neg_k: 3.72093
turning left
Left Speed = 12
Right Speed = 13
251,0
17,480
285,0
81,480
292,0
78,480
min_pos_k: 1e+10
min_neg_k: 1e+10
turning right
Left Speed = 13
Right Speed = 12
258,0
13,480
293,0
79,480
625,0
718,480
288,0
85,480
648,0
767,480
min_pos_k: 4.03361
min_neg_k: 4.03361
turning left
Left Speed = 12
Right Speed = 13
267,0
12,480
301,0
77,480
262,0
18,480
633,0
718,480
296,0
82,480
657,0
768,480
min_pos_k: 4.32432
min_neg_k: 4.32432
turning left
Left Speed = 12
Right Speed = 13
269,0
14,480
308,0
74,480
303,0
79,480
662,0
764,480
274,0
8,480
638,0
714,480
min_pos_k: 4.70588
min_neg_k: 4.70588
turning left
Left Speed = 12
Right Speed = 13
273,0
7,480
307,0
72,480
313,0
68,480
668,0
761,480
min_pos_k: 5.16129
min_neg_k: 5.16129
turning left
Left Speed = 12
Right Speed = 13
277,0
0,480
310,0
66,480
317,0
61,480
672,0
756,480
647,0
706,480
min_pos_k: 5.71429
min_neg_k: 5.71429
turning left
Left Speed = 12
Right Speed = 13
282,0
-6,480
315,0
60,480
321,0
55,480
676,0
752,480
651,0
702,480
min_pos_k: 6.31579
min_neg_k: 6.31579
turning left
Left Speed = 12
Right Speed = 13
282,0
-6,480
318,0
52,480
286,0
-13,480
681,0
749,480
min_pos_k: 7.05882
min_neg_k: 7.05882
turning left
Left Speed = 12
Right Speed = 13
284,0
-15,480
322,0
45,480
317,0
51,480
min_pos_k: 1e+10
min_neg_k: 1e+10
turning right
Left Speed = 13
Right Speed = 12
283,0
-16,480
321,0
43,480
288,0
-23,480
683,0
742,480
min_pos_k: 8.13559
min_neg_k: 8.13559
turning left
Left Speed = 12
Right Speed = 13
319,0
42,480
283,0
-16,480
287,0
-24,480
683,0
742,480
min_pos_k: 8.13559
min_neg_k: 8.13559
turning left
Left Speed = 12
Right Speed = 13
281,0
-18,480
318,0
41,480
286,0
-25,480
min_pos_k: 1e+10
min_neg_k: 1e+10
turning right
Left Speed = 13
Right Speed = 12
317,0
17,480
276,0
-35,480
312,0
24,480
674,0
725,480
min_pos_k: 9.41176
min_neg_k: 9.41176
turning left
Left Speed = 12
Right Speed = 13
313,0
13,480
277,0
-46,480
279,0
-56,480
min_pos_k: 1e+10
min_neg_k: 1e+10
turning right
Left Speed = 13
Right Speed = 12
315,0
4,480
322,0
-1,480
284,0
-64,480
279,0
-56,480
313,0
13,480
min_pos_k: 1e+10
min_neg_k: 1e+10
turning right
Left Speed = 13
Right Speed = 12
284,0
-64,480
320,0
-2,480
289,0
-72,480
328,0
-7,480
min_pos_k: 1e+10
min_neg_k: 1e+10
turning right
Left Speed = 13
Right Speed = 12
287,0
-73,480
324,0
-11,480
331,0
-17,480
293,0
-81,480
322,0
-1,480
min_pos_k: 1e+10
min_neg_k: 1e+10
turning right
Left Speed = 13
Right Speed = 12
331,0
-17,480
294,0
-80,480
338,0
-23,480
min_pos_k: 1e+10
min_neg_k: 1e+10
turning right
Left Speed = 13
Right Speed = 12
339,0
-22,480
303,0
-85,480
min_pos_k: 1e+10
min_neg_k: 1e+10
turning right
Left Speed = 13
Right Speed = 12
345,0
-16,480
352,0
-22,480
308,0
-79,480
min_pos_k: 1e+10
min_neg_k: 1e+10
turning right
Left Speed = 13
Right Speed = 12
322,0
-80,480
360,0
-14,480
min_pos_k: 1e+10
min_neg_k: 1e+10
turning right
Left Speed = 13
Right Speed = 12
328,0
-88,480
360,0
-14,480
366,0
-21,480
min_pos_k: 1e+10
min_neg_k: 1e+10
turning right
Left Speed = 13
Right Speed = 12
339,0
-93,480
374,0
-28,480
368,0
-20,480
-1099,0
294,480
min_pos_k: 0.34458
min_neg_k: 0.34458
turning left
Left Speed = 12
Right Speed = 13
340,0
-91,480
377,0
-25,480
-1078,0
315,480
384,0
-33,480
373,0
-15,480
min_pos_k: 0.34458
min_neg_k: 0.34458
turning left
Left Speed = 12
Right Speed = 13
Left Speed = 12
Right Speed = 12
-406,0
912,480
-36,0
325,480
-22,0
326,480
-594,0
1078,480
min_pos_k: 0.287081
min_neg_k: 0.287081
turning left
Left Speed = 12
Right Speed = 13
-406,0
912,480
-36,0
325,480
-22,0
326,480
2584,0
-1324,480
-3469,0
3395,480
-1444,0
1971,480
-742,0
1336,480
-726,0
1531,480
-5464,0
3694,480
-1252,0
1777,480
-1099,0
1622,480
2568,0
-1340,480
min_pos_k: 0.0524132
min_neg_k: 0.0524132
turning left
Left Speed = 12
Right Speed = 13
-36,0
325,480
-406,0
912,480
-1099,0
1622,480
-22,0
326,480
2576,0
-1332,480
-3469,0
3395,480
-591,0
1334,480
-5464,0
3694,480
2898,0
-1668,480
-4872,0
4286,480
-578,0
1346,480
-5407,0
3751,480
-927,0
1541,480
min_pos_k: 0.0524132
min_neg_k: 0.0524132
turning left
Left Speed = 12
Right Speed = 13
-36,0
325,480
-406,0
912,480
-22,0
326,480
-1252,0
1777,480
min_pos_k: 0.158468
min_neg_k: 0.158468
turning left
Left Speed = 12
Right Speed = 13
Left Speed = 12
Right Speed = 12
Left Speed = 12
Right Speed = 12
Left Speed = 12
Right Speed = 12
Left Speed = 12
Right Speed = 12
Left Speed = 12
Right Speed = 12
Left Speed = 12
Right Speed = 12
Left Speed = 12
Right Speed = 12
-4757,0
4401,480
-3630,0
5528,480
min_pos_k: 0.0524132
min_neg_k: 0.0524132
turning left
Left Speed = 12
Right Speed = 13
Left Speed = 12
Right Speed = 12
-3630,0
5528,480
-3411,0
3452,480
2898,0
-1668,480
min_pos_k: 0.0524132
min_neg_k: 0.0524132
turning left
Left Speed = 12
Right Speed = 13
Left Speed = 12
Right Speed = 12
-3630,0
5528,480
-4757,0
4401,480
min_pos_k: 0.0524132
min_neg_k: 0.0524132
turning left
Left Speed = 12
Right Speed = 13
